<?xml version="1.0" encoding="UTF-8"?>
<testng-results ignored="0" total="1" passed="1" failed="0" skipped="0">
  <reporter-output>
  </reporter-output>
  <suite started-at="2021-08-06T17:37:28 IST" name="Default suite" finished-at="2021-08-06T17:37:56 IST" duration-ms="27692">
    <groups>
    </groups>
    <test started-at="2021-08-06T17:37:28 IST" name="Default test" finished-at="2021-08-06T17:37:56 IST" duration-ms="27692">
      <class name="com.pages.loginpage">
        <test-method signature="login()[pri:0, instance:com.pages.loginpage@6283d8b8]" started-at="2021-08-06T17:37:28 IST" name="login" finished-at="2021-08-06T17:37:56 IST" duration-ms="27625" status="PASS">
          <reporter-output>
          </reporter-output>
        </test-method> <!-- login -->
      </class> <!-- com.pages.loginpage -->
    </test> <!-- Default test -->
  </suite> <!-- Default suite -->
</testng-results>
